TN:
SF:src\app.js
FNF:0
FNH:0
DA:10,0
DA:11,0
DA:12,0
LF:3
LH:0
BRF:0
BRH:0
end_of_record
TN:
SF:src\app.ts
FNF:0
FNH:0
DA:1,0
DA:11,0
LF:2
LH:0
BRF:0
BRH:0
end_of_record
TN:
SF:src\utils.ts
FN:2,(anonymous_0)
FN:6,(anonymous_1)
FN:13,(anonymous_2)
FN:22,(anonymous_3)
FN:30,(anonymous_4)
FN:38,(anonymous_5)
FNF:6
FNH:5
FNDA:1,(anonymous_0)
FNDA:2,(anonymous_1)
FNDA:1,(anonymous_2)
FNDA:5,(anonymous_3)
FNDA:1,(anonymous_4)
FNDA:0,(anonymous_5)
DA:3,1
DA:7,2
DA:8,0
DA:10,2
DA:14,1
DA:15,1
DA:23,5
DA:24,5
DA:25,0
DA:27,5
DA:31,1
DA:32,1
DA:33,4
DA:35,1
DA:39,0
DA:40,0
DA:41,0
DA:43,0
DA:46,1
LF:19
LH:13
BRDA:7,0,0,0
BRDA:24,1,0,0
BRDA:40,2,0,0
BRF:3
BRH:0
end_of_record
